[1.449s] Invoking command in '/home/omark/4-wheeled/src/G-model': PYTHONPATH=/home/omark/4-wheeled/src/build/G-model/prefix_override:/home/omark/4-wheeled/src/install/G-model/lib/python3.10/site-packages:${PYTHONPATH} /usr/bin/python3 setup.py egg_info --egg-base ../build/G-model build --build-base /home/omark/4-wheeled/src/build/G-model/build install --record /home/omark/4-wheeled/src/build/G-model/install.log --single-version-externally-managed
[1.727s] running egg_info
[1.727s] creating ../build/G-model/G_model.egg-info
[1.727s] writing ../build/G-model/G_model.egg-info/PKG-INFO
[1.727s] writing dependency_links to ../build/G-model/G_model.egg-info/dependency_links.txt
[1.728s] writing entry points to ../build/G-model/G_model.egg-info/entry_points.txt
[1.728s] writing requirements to ../build/G-model/G_model.egg-info/requires.txt
[1.728s] writing top-level names to ../build/G-model/G_model.egg-info/top_level.txt
[1.728s] writing manifest file '../build/G-model/G_model.egg-info/SOURCES.txt'
[1.729s] reading manifest file '../build/G-model/G_model.egg-info/SOURCES.txt'
[1.730s] writing manifest file '../build/G-model/G_model.egg-info/SOURCES.txt'
[1.730s] running build
[1.730s] running build_py
[1.730s] creating /home/omark/4-wheeled/src/build/G-model/build
[1.730s] creating /home/omark/4-wheeled/src/build/G-model/build/lib
[1.730s] creating /home/omark/4-wheeled/src/build/G-model/build/lib/G-model
[1.730s] copying G-model/__init__.py -> /home/omark/4-wheeled/src/build/G-model/build/lib/G-model
[1.730s] copying G-model/coppelia.py -> /home/omark/4-wheeled/src/build/G-model/build/lib/G-model
[1.731s] copying G-model/model.py -> /home/omark/4-wheeled/src/build/G-model/build/lib/G-model
[1.731s] running install
[1.731s] running install_lib
[1.731s] creating /home/omark/4-wheeled/src/install/G-model/lib/python3.10/site-packages/G-model
[1.731s] copying /home/omark/4-wheeled/src/build/G-model/build/lib/G-model/__init__.py -> /home/omark/4-wheeled/src/install/G-model/lib/python3.10/site-packages/G-model
[1.731s] copying /home/omark/4-wheeled/src/build/G-model/build/lib/G-model/coppelia.py -> /home/omark/4-wheeled/src/install/G-model/lib/python3.10/site-packages/G-model
[1.732s] copying /home/omark/4-wheeled/src/build/G-model/build/lib/G-model/model.py -> /home/omark/4-wheeled/src/install/G-model/lib/python3.10/site-packages/G-model
[1.732s] byte-compiling /home/omark/4-wheeled/src/install/G-model/lib/python3.10/site-packages/G-model/__init__.py to __init__.cpython-310.pyc
[1.732s] byte-compiling /home/omark/4-wheeled/src/install/G-model/lib/python3.10/site-packages/G-model/coppelia.py to coppelia.cpython-310.pyc
[1.733s] byte-compiling /home/omark/4-wheeled/src/install/G-model/lib/python3.10/site-packages/G-model/model.py to model.cpython-310.pyc
[1.733s] running install_data
[1.733s] creating /home/omark/4-wheeled/src/install/G-model/share/ament_index
[1.733s] creating /home/omark/4-wheeled/src/install/G-model/share/ament_index/resource_index
[1.734s] creating /home/omark/4-wheeled/src/install/G-model/share/ament_index/resource_index/packages
[1.734s] copying resource/G-model -> /home/omark/4-wheeled/src/install/G-model/share/ament_index/resource_index/packages
[1.734s] copying package.xml -> /home/omark/4-wheeled/src/install/G-model/share/G-model
[1.734s] running install_egg_info
[1.735s] Copying ../build/G-model/G_model.egg-info to /home/omark/4-wheeled/src/install/G-model/lib/python3.10/site-packages/G_model-0.0.0-py3.10.egg-info
[1.736s] running install_scripts
[1.753s] writing list of installed files to '/home/omark/4-wheeled/src/build/G-model/install.log'
[1.774s] Invoked command in '/home/omark/4-wheeled/src/G-model' returned '0': PYTHONPATH=/home/omark/4-wheeled/src/build/G-model/prefix_override:/home/omark/4-wheeled/src/install/G-model/lib/python3.10/site-packages:${PYTHONPATH} /usr/bin/python3 setup.py egg_info --egg-base ../build/G-model build --build-base /home/omark/4-wheeled/src/build/G-model/build install --record /home/omark/4-wheeled/src/build/G-model/install.log --single-version-externally-managed
