[0.390s] DEBUG:colcon:Command line arguments: ['/usr/bin/colcon', 'list', '-p', '--base-paths', '/home/omark/4-wheeled']
[0.390s] DEBUG:colcon:Parsed command line arguments: Namespace(log_base=None, log_level=None, verb_name='list', build_base='build', ignore_user_meta=False, metas=['./colcon.meta'], base_paths=['/home/omark/4-wheeled'], packages_ignore=None, packages_ignore_regex=None, paths=None, packages_up_to=None, packages_up_to_regex=None, packages_above=None, packages_above_and_dependencies=None, packages_above_depth=None, packages_select_by_dep=None, packages_skip_by_dep=None, packages_skip_up_to=None, packages_select_build_failed=False, packages_skip_build_finished=False, packages_select_test_failures=False, packages_skip_test_passed=False, packages_select=None, packages_skip=None, packages_select_regex=None, packages_skip_regex=None, packages_start=None, packages_end=None, allow_overriding=[], topological_order=False, names_only=False, paths_only=True, topological_graph=False, topological_graph_dot=False, topological_graph_density=False, topological_graph_legend=False, topological_graph_dot_cluster=False, topological_graph_dot_include_skipped=False, verb_parser=<colcon_defaults.argument_parser.defaults.DefaultArgumentsDecorator object at 0x7fe4673b7430>, verb_extension=<colcon_package_information.verb.list.ListVerb object at 0x7fe4674bd2a0>, main=<bound method ListVerb.main of <colcon_package_information.verb.list.ListVerb object at 0x7fe4674bd2a0>>)
[0.431s] Level 1:colcon.colcon_core.package_discovery:discover_packages(colcon_meta) check parameters
[0.431s] Level 1:colcon.colcon_core.package_discovery:discover_packages(recursive) check parameters
[0.431s] Level 1:colcon.colcon_core.package_discovery:discover_packages(ignore) check parameters
[0.431s] Level 1:colcon.colcon_core.package_discovery:discover_packages(path) check parameters
[0.431s] Level 1:colcon.colcon_core.package_discovery:discover_packages(recursive) discover
[0.431s] INFO:colcon.colcon_core.package_discovery:Crawling recursively for packages in '/home/omark/4-wheeled'
[0.431s] Level 1:colcon.colcon_core.package_identification:_identify(/home/omark/4-wheeled) by extensions ['ignore', 'ignore_ament_install']
[0.431s] Level 1:colcon.colcon_core.package_identification:_identify(/home/omark/4-wheeled) by extension 'ignore'
[0.431s] Level 1:colcon.colcon_core.package_identification:_identify(/home/omark/4-wheeled) by extension 'ignore_ament_install'
[0.431s] Level 1:colcon.colcon_core.package_identification:_identify(/home/omark/4-wheeled) by extensions ['colcon_pkg']
[0.431s] Level 1:colcon.colcon_core.package_identification:_identify(/home/omark/4-wheeled) by extension 'colcon_pkg'
[0.431s] Level 1:colcon.colcon_core.package_identification:_identify(/home/omark/4-wheeled) by extensions ['colcon_meta']
[0.431s] Level 1:colcon.colcon_core.package_identification:_identify(/home/omark/4-wheeled) by extension 'colcon_meta'
[0.431s] Level 1:colcon.colcon_core.package_identification:_identify(/home/omark/4-wheeled) by extensions ['ros']
[0.431s] Level 1:colcon.colcon_core.package_identification:_identify(/home/omark/4-wheeled) by extension 'ros'
[0.444s] Level 1:colcon.colcon_core.package_identification:_identify(/home/omark/4-wheeled) by extensions ['cmake', 'python']
[0.444s] Level 1:colcon.colcon_core.package_identification:_identify(/home/omark/4-wheeled) by extension 'cmake'
[0.444s] Level 1:colcon.colcon_core.package_identification:_identify(/home/omark/4-wheeled) by extension 'python'
[0.444s] Level 1:colcon.colcon_core.package_identification:_identify(/home/omark/4-wheeled) by extensions ['python_setup_py']
[0.444s] Level 1:colcon.colcon_core.package_identification:_identify(/home/omark/4-wheeled) by extension 'python_setup_py'
[0.444s] Level 1:colcon.colcon_core.package_identification:_identify(/home/omark/4-wheeled/build) by extensions ['ignore', 'ignore_ament_install']
[0.444s] Level 1:colcon.colcon_core.package_identification:_identify(/home/omark/4-wheeled/build) by extension 'ignore'
[0.444s] Level 1:colcon.colcon_core.package_identification:_identify(/home/omark/4-wheeled/build) ignored
[0.445s] Level 1:colcon.colcon_core.package_identification:_identify(/home/omark/4-wheeled/install) by extensions ['ignore', 'ignore_ament_install']
[0.445s] Level 1:colcon.colcon_core.package_identification:_identify(/home/omark/4-wheeled/install) by extension 'ignore'
[0.445s] Level 1:colcon.colcon_core.package_identification:_identify(/home/omark/4-wheeled/install) ignored
[0.445s] Level 1:colcon.colcon_core.package_identification:_identify(/home/omark/4-wheeled/log) by extensions ['ignore', 'ignore_ament_install']
[0.445s] Level 1:colcon.colcon_core.package_identification:_identify(/home/omark/4-wheeled/log) by extension 'ignore'
[0.445s] Level 1:colcon.colcon_core.package_identification:_identify(/home/omark/4-wheeled/log) ignored
[0.445s] Level 1:colcon.colcon_core.package_identification:_identify(/home/omark/4-wheeled/src) by extensions ['ignore', 'ignore_ament_install']
[0.445s] Level 1:colcon.colcon_core.package_identification:_identify(/home/omark/4-wheeled/src) by extension 'ignore'
[0.445s] Level 1:colcon.colcon_core.package_identification:_identify(/home/omark/4-wheeled/src) by extension 'ignore_ament_install'
[0.445s] Level 1:colcon.colcon_core.package_identification:_identify(/home/omark/4-wheeled/src) by extensions ['colcon_pkg']
[0.445s] Level 1:colcon.colcon_core.package_identification:_identify(/home/omark/4-wheeled/src) by extension 'colcon_pkg'
[0.446s] Level 1:colcon.colcon_core.package_identification:_identify(/home/omark/4-wheeled/src) by extensions ['colcon_meta']
[0.446s] Level 1:colcon.colcon_core.package_identification:_identify(/home/omark/4-wheeled/src) by extension 'colcon_meta'
[0.446s] Level 1:colcon.colcon_core.package_identification:_identify(/home/omark/4-wheeled/src) by extensions ['ros']
[0.446s] Level 1:colcon.colcon_core.package_identification:_identify(/home/omark/4-wheeled/src) by extension 'ros'
[0.446s] Level 1:colcon.colcon_core.package_identification:_identify(/home/omark/4-wheeled/src) by extensions ['cmake', 'python']
[0.446s] Level 1:colcon.colcon_core.package_identification:_identify(/home/omark/4-wheeled/src) by extension 'cmake'
[0.446s] Level 1:colcon.colcon_core.package_identification:_identify(/home/omark/4-wheeled/src) by extension 'python'
[0.446s] Level 1:colcon.colcon_core.package_identification:_identify(/home/omark/4-wheeled/src) by extensions ['python_setup_py']
[0.446s] Level 1:colcon.colcon_core.package_identification:_identify(/home/omark/4-wheeled/src) by extension 'python_setup_py'
[0.446s] Level 1:colcon.colcon_core.package_identification:_identify(/home/omark/4-wheeled/src/G-model) by extensions ['ignore', 'ignore_ament_install']
[0.446s] Level 1:colcon.colcon_core.package_identification:_identify(/home/omark/4-wheeled/src/G-model) by extension 'ignore'
[0.446s] Level 1:colcon.colcon_core.package_identification:_identify(/home/omark/4-wheeled/src/G-model) by extension 'ignore_ament_install'
[0.447s] Level 1:colcon.colcon_core.package_identification:_identify(/home/omark/4-wheeled/src/G-model) by extensions ['colcon_pkg']
[0.447s] Level 1:colcon.colcon_core.package_identification:_identify(/home/omark/4-wheeled/src/G-model) by extension 'colcon_pkg'
[0.447s] Level 1:colcon.colcon_core.package_identification:_identify(/home/omark/4-wheeled/src/G-model) by extensions ['colcon_meta']
[0.447s] Level 1:colcon.colcon_core.package_identification:_identify(/home/omark/4-wheeled/src/G-model) by extension 'colcon_meta'
[0.447s] Level 1:colcon.colcon_core.package_identification:_identify(/home/omark/4-wheeled/src/G-model) by extensions ['ros']
[0.447s] Level 1:colcon.colcon_core.package_identification:_identify(/home/omark/4-wheeled/src/G-model) by extension 'ros'
[0.450s] DEBUG:colcon.colcon_core.package_identification:Package '/home/omark/4-wheeled/src/G-model' with type 'ros.ament_python' and name 'G-model'
[0.450s] Level 1:colcon.colcon_core.package_identification:_identify(/home/omark/4-wheeled/src/build) by extensions ['ignore', 'ignore_ament_install']
[0.451s] Level 1:colcon.colcon_core.package_identification:_identify(/home/omark/4-wheeled/src/build) by extension 'ignore'
[0.451s] Level 1:colcon.colcon_core.package_identification:_identify(/home/omark/4-wheeled/src/build) ignored
[0.451s] Level 1:colcon.colcon_core.package_identification:_identify(/home/omark/4-wheeled/src/install) by extensions ['ignore', 'ignore_ament_install']
[0.451s] Level 1:colcon.colcon_core.package_identification:_identify(/home/omark/4-wheeled/src/install) by extension 'ignore'
[0.451s] Level 1:colcon.colcon_core.package_identification:_identify(/home/omark/4-wheeled/src/install) ignored
[0.451s] Level 1:colcon.colcon_core.package_identification:_identify(/home/omark/4-wheeled/src/log) by extensions ['ignore', 'ignore_ament_install']
[0.451s] Level 1:colcon.colcon_core.package_identification:_identify(/home/omark/4-wheeled/src/log) by extension 'ignore'
[0.451s] Level 1:colcon.colcon_core.package_identification:_identify(/home/omark/4-wheeled/src/log) ignored
[0.451s] Level 1:colcon.colcon_core.package_discovery:discover_packages(recursive) using defaults
